<?xml version="1.0" encoding="UTF-8"?>
<!-- Generated by org.testng.reporters.JUnitXMLReporter -->
<testsuite ignored="0" hostname="DinaPC" failures="5" tests="5" name="SignUpTest" time="10.007" errors="0" timestamp="2025-06-15T04:04:42 EEST">
  <testcase classname="QATestingProject.AutomationTesting.SignUpTest" name="testValidSignIn" time="0.083">
    <failure type="java.lang.NullPointerException" message="Cannot invoke &amp;quot;org.openqa.selenium.WebDriver.findElement(org.openqa.selenium.By)&amp;quot; because &amp;quot;this.driver&amp;quot; is null">
      <![CDATA[java.lang.NullPointerException: Cannot invoke "org.openqa.selenium.WebDriver.findElement(org.openqa.selenium.By)" because "this.driver" is null
at Pages.SignUpPage.navigateToSignUpPage(SignUpPage.java:24)
at QATestingProject.AutomationTesting.SignUpTest.testValidSignIn(SignUpTest.java:15)
at java.base/java.util.ArrayList.forEach(ArrayList.java:1596)
... Removed 25 stack frames]]>
    </failure>
  </testcase> <!-- testValidSignIn -->
  <testcase classname="QATestingProject.AutomationTesting.SignUpTest" name="testInvalidSignIn" time="0.033">
    <failure type="java.lang.NullPointerException" message="Cannot invoke &amp;quot;org.openqa.selenium.WebDriver.findElement(org.openqa.selenium.By)&amp;quot; because &amp;quot;this.driver&amp;quot; is null">
      <![CDATA[java.lang.NullPointerException: Cannot invoke "org.openqa.selenium.WebDriver.findElement(org.openqa.selenium.By)" because "this.driver" is null
at Pages.SignUpPage.navigateToSignUpPage(SignUpPage.java:24)
at QATestingProject.AutomationTesting.SignUpTest.testInvalidSignIn(SignUpTest.java:28)
at java.base/java.util.ArrayList.forEach(ArrayList.java:1596)
... Removed 25 stack frames]]>
    </failure>
  </testcase> <!-- testInvalidSignIn -->
  <testcase classname="QATestingProject.AutomationTesting.SignUpTest" name="testInvalidPasswordSignIn" time="0.014">
    <failure type="java.lang.NullPointerException" message="Cannot invoke &amp;quot;org.openqa.selenium.WebDriver.findElement(org.openqa.selenium.By)&amp;quot; because &amp;quot;this.driver&amp;quot; is null">
      <![CDATA[java.lang.NullPointerException: Cannot invoke "org.openqa.selenium.WebDriver.findElement(org.openqa.selenium.By)" because "this.driver" is null
at Pages.SignUpPage.navigateToSignUpPage(SignUpPage.java:24)
at QATestingProject.AutomationTesting.SignUpTest.testInvalidPasswordSignIn(SignUpTest.java:41)
at java.base/java.util.ArrayList.forEach(ArrayList.java:1596)
... Removed 25 stack frames]]>
    </failure>
  </testcase> <!-- testInvalidPasswordSignIn -->
  <testcase classname="QATestingProject.AutomationTesting.SignUpTest" name="testInvalidUsernameSignIn" time="0.007">
    <failure type="java.lang.NullPointerException" message="Cannot invoke &amp;quot;org.openqa.selenium.WebDriver.findElement(org.openqa.selenium.By)&amp;quot; because &amp;quot;this.driver&amp;quot; is null">
      <![CDATA[java.lang.NullPointerException: Cannot invoke "org.openqa.selenium.WebDriver.findElement(org.openqa.selenium.By)" because "this.driver" is null
at Pages.SignUpPage.navigateToSignUpPage(SignUpPage.java:24)
at QATestingProject.AutomationTesting.SignUpTest.testInvalidUsernameSignIn(SignUpTest.java:54)
at java.base/java.util.ArrayList.forEach(ArrayList.java:1596)
... Removed 25 stack frames]]>
    </failure>
  </testcase> <!-- testInvalidUsernameSignIn -->
  <testcase classname="QATestingProject.AutomationTesting.SignUpTest" name="testInvalidEmptyFieldSignIn" time="0.015">
    <failure type="java.lang.NullPointerException" message="Cannot invoke &amp;quot;org.openqa.selenium.WebDriver.findElement(org.openqa.selenium.By)&amp;quot; because &amp;quot;this.driver&amp;quot; is null">
      <![CDATA[java.lang.NullPointerException: Cannot invoke "org.openqa.selenium.WebDriver.findElement(org.openqa.selenium.By)" because "this.driver" is null
at Pages.SignUpPage.navigateToSignUpPage(SignUpPage.java:24)
at QATestingProject.AutomationTesting.SignUpTest.testInvalidEmptyFieldSignIn(SignUpTest.java:67)
at java.base/java.util.ArrayList.forEach(ArrayList.java:1596)
... Removed 25 stack frames]]>
    </failure>
  </testcase> <!-- testInvalidEmptyFieldSignIn -->
</testsuite> <!-- SignUpTest -->
