<!DOCTYPE html>

<html>
  <head>
  <meta charset='utf-8'>
  <title>TestNG reports</title>

    <link type="text/css" href="testng-reports1.css" rel="stylesheet" id="ultra" />
    <link type="text/css" href="testng-reports.css" rel="stylesheet" id="retro" disabled="false"/>
    <script type="text/javascript" src="jquery-3.6.0.min.js"></script>
    <script type="text/javascript" src="testng-reports.js"></script>
    <script type="text/javascript" src="https://www.google.com/jsapi"></script>
    <script type='text/javascript'>
      google.load('visualization', '1', {packages:['table']});
      google.setOnLoadCallback(drawTable);
      var suiteTableInitFunctions = new Array();
      var suiteTableData = new Array();
    </script>
    <!--
      <script type="text/javascript" src="jquery-ui/js/jquery-ui-1.8.16.custom.min.js"></script>
     -->
  </head>

  <body>    <div class="top-banner-root">
      <span class="top-banner-title-font">Test results</span>
      <button id="button" class="button">Switch Retro Theme</button> <!-- button -->
      <br/>
      <span class="top-banner-font-1">1 suite, 7 failed tests</span>
    </div> <!-- top-banner-root -->
    <div class="navigator-root">
      <div class="navigator-suite-header">
        <span>All suites</span>
        <a href="#" title="Collapse/expand all the suites" class="collapse-all-link">
          <img src="collapseall.gif" class="collapse-all-icon">
          </img> <!-- collapse-all-icon -->
        </a> <!-- collapse-all-link -->
      </div> <!-- navigator-suite-header -->
      <div class="suite">
        <div class="rounded-window">
          <div class="suite-header light-rounded-window-top">
            <a href="#" panel-name="suite-DemoBlazeSuite" class="navigator-link">
              <span class="suite-name border-failed">DemoBlazeSuite</span>
            </a> <!-- navigator-link -->
          </div> <!-- suite-header light-rounded-window-top -->
          <div class="navigator-suite-content">
            <div class="suite-section-title">
              <span>Info</span>
            </div> <!-- suite-section-title -->
            <div class="suite-section-content">
              <ul>
                <li>
                  <a href="#" panel-name="test-xml-DemoBlazeSuite" class="navigator-link ">
                    <span>C:\Users\USUARIO\eclipse-workspace\AutomationTesting\test-output\testoutput.xml</span>
                  </a> <!-- navigator-link  -->
                </li>
                <li>
                  <a href="#" panel-name="testlist-DemoBlazeSuite" class="navigator-link ">
                    <span class="test-stats">4 tests</span>
                  </a> <!-- navigator-link  -->
                </li>
                <li>
                  <a href="#" panel-name="group-DemoBlazeSuite" class="navigator-link ">
                    <span>0 groups</span>
                  </a> <!-- navigator-link  -->
                </li>
                <li>
                  <a href="#" panel-name="times-DemoBlazeSuite" class="navigator-link ">
                    <span>Times</span>
                  </a> <!-- navigator-link  -->
                </li>
                <li>
                  <a href="#" panel-name="reporter-DemoBlazeSuite" class="navigator-link ">
                    <span>Reporter output</span>
                  </a> <!-- navigator-link  -->
                </li>
                <li>
                  <a href="#" panel-name="ignored-methods-DemoBlazeSuite" class="navigator-link ">
                    <span>Ignored methods</span>
                  </a> <!-- navigator-link  -->
                </li>
                <li>
                  <a href="#" panel-name="chronological-DemoBlazeSuite" class="navigator-link ">
                    <span>Chronological view</span>
                  </a> <!-- navigator-link  -->
                </li>
              </ul>
            </div> <!-- suite-section-content -->
            <div class="result-section">
              <div class="suite-section-title">
                <span>Results</span>
              </div> <!-- suite-section-title -->
              <div class="suite-section-content">
                <ul>
                  <li>
                    <span class="method-stats">12 methods, 7 failed,   5 passed</span>
                  </li>
                  <li>
                    <span class="method-list-title failed">Failed methods</span>
                    <span class="show-or-hide-methods failed">
                      <a href="#" panel-name="suite-DemoBlazeSuite" class="hide-methods failed suite-DemoBlazeSuite"> (hide)</a> <!-- hide-methods failed suite-DemoBlazeSuite -->
                      <a href="#" panel-name="suite-DemoBlazeSuite" class="show-methods failed suite-DemoBlazeSuite"> (show)</a> <!-- show-methods failed suite-DemoBlazeSuite -->
                    </span>
                    <div class="method-list-content failed suite-DemoBlazeSuite">
                      <span>
                        <img src="failed.png" width="3%"/>
                        <a href="#" panel-name="suite-DemoBlazeSuite" title="Tests.LoginTest" class="method navigator-link" hash-for-method="TestValidCredentialsLogin">TestValidCredentialsLogin</a> <!-- method navigator-link -->
                      </span>
                      <br/>
                      <span>
                        <img src="failed.png" width="3%"/>
                        <a href="#" panel-name="suite-DemoBlazeSuite" title="Tests.LoginTest" class="method navigator-link" hash-for-method="testCompletelyInvalidLogin">testCompletelyInvalidLogin</a> <!-- method navigator-link -->
                      </span>
                      <br/>
                      <span>
                        <img src="failed.png" width="3%"/>
                        <a href="#" panel-name="suite-DemoBlazeSuite" title="Tests.LoginTest" class="method navigator-link" hash-for-method="testEmptyFieldsLogin">testEmptyFieldsLogin</a> <!-- method navigator-link -->
                      </span>
                      <br/>
                      <span>
                        <img src="failed.png" width="3%"/>
                        <a href="#" panel-name="suite-DemoBlazeSuite" title="Tests.SignUpTest" class="method navigator-link" hash-for-method="testInvalidPasswordSignIn">testInvalidPasswordSignIn</a> <!-- method navigator-link -->
                      </span>
                      <br/>
                      <span>
                        <img src="failed.png" width="3%"/>
                        <a href="#" panel-name="suite-DemoBlazeSuite" title="Tests.SignUpTest" class="method navigator-link" hash-for-method="testInvalidSignIn">testInvalidSignIn</a> <!-- method navigator-link -->
                      </span>
                      <br/>
                      <span>
                        <img src="failed.png" width="3%"/>
                        <a href="#" panel-name="suite-DemoBlazeSuite" title="Tests.SignUpTest" class="method navigator-link" hash-for-method="testInvalidUsernameSignIn">testInvalidUsernameSignIn</a> <!-- method navigator-link -->
                      </span>
                      <br/>
                      <span>
                        <img src="failed.png" width="3%"/>
                        <a href="#" panel-name="suite-DemoBlazeSuite" title="Tests.SignUpTest" class="method navigator-link" hash-for-method="testValidSignIn">testValidSignIn</a> <!-- method navigator-link -->
                      </span>
                      <br/>
                    </div> <!-- method-list-content failed suite-DemoBlazeSuite -->
                  </li>
                  <li>
                    <span class="method-list-title passed">Passed methods</span>
                    <span class="show-or-hide-methods passed">
                      <a href="#" panel-name="suite-DemoBlazeSuite" class="hide-methods passed suite-DemoBlazeSuite"> (hide)</a> <!-- hide-methods passed suite-DemoBlazeSuite -->
                      <a href="#" panel-name="suite-DemoBlazeSuite" class="show-methods passed suite-DemoBlazeSuite"> (show)</a> <!-- show-methods passed suite-DemoBlazeSuite -->
                    </span>
                    <div class="method-list-content passed suite-DemoBlazeSuite">
                      <span>
                        <img src="passed.png" width="3%"/>
                        <a href="#" panel-name="suite-DemoBlazeSuite" title="Tests.LoginTest" class="method navigator-link" hash-for-method="TestInvalidUsernameLogin">TestInvalidUsernameLogin</a> <!-- method navigator-link -->
                      </span>
                      <br/>
                      <span>
                        <img src="passed.png" width="3%"/>
                        <a href="#" panel-name="suite-DemoBlazeSuite" title="Tests.AboutUsTest" class="method navigator-link" hash-for-method="testAboutUsModalText">testAboutUsModalText</a> <!-- method navigator-link -->
                      </span>
                      <br/>
                      <span>
                        <img src="passed.png" width="3%"/>
                        <a href="#" panel-name="suite-DemoBlazeSuite" title="Tests.SignUpTest" class="method navigator-link" hash-for-method="testInvalidEmptyFieldSignIn">testInvalidEmptyFieldSignIn</a> <!-- method navigator-link -->
                      </span>
                      <br/>
                      <span>
                        <img src="passed.png" width="3%"/>
                        <a href="#" panel-name="suite-DemoBlazeSuite" title="Tests.LoginTest" class="method navigator-link" hash-for-method="testInvalidPasswordLogin">testInvalidPasswordLogin</a> <!-- method navigator-link -->
                      </span>
                      <br/>
                      <span>
                        <img src="passed.png" width="3%"/>
                        <a href="#" panel-name="suite-DemoBlazeSuite" title="Tests.LogoutTest" class="method navigator-link" hash-for-method="testLogoutFunctionality">testLogoutFunctionality</a> <!-- method navigator-link -->
                      </span>
                      <br/>
                    </div> <!-- method-list-content passed suite-DemoBlazeSuite -->
                  </li>
                </ul>
              </div> <!-- suite-section-content -->
            </div> <!-- result-section -->
          </div> <!-- navigator-suite-content -->
        </div> <!-- rounded-window -->
      </div> <!-- suite -->
    </div> <!-- navigator-root -->
    <div class="wrapper">
      <div class="main-panel-root">
        <div panel-name="suite-DemoBlazeSuite" class="panel DemoBlazeSuite">
          <div class="suite-DemoBlazeSuite-class-failed">
            <div class="main-panel-header rounded-window-top">
              <img src="failed.png"/>
              <span class="class-name">Tests.LoginTest</span>
            </div> <!-- main-panel-header rounded-window-top -->
            <div class="main-panel-content rounded-window-bottom">
              <div class="method">
                <div class="method-content">
                  <a name="TestValidCredentialsLogin">
                  </a> <!-- TestValidCredentialsLogin -->
                  <span class="method-name">TestValidCredentialsLogin</span>
                  <div class="stack-trace">java.lang.AssertionError: expected [true] but found [false]
	at Tests.LoginTest.TestValidCredentialsLogin(LoginTest.java:24)
	at java.base/java.util.ArrayList.forEach(ArrayList.java:1596)
... Removed 29 stack frames
</div> <!-- stack-trace -->
                </div> <!-- method-content -->
              </div> <!-- method -->
              <div class="method">
                <div class="method-content">
                  <a name="testCompletelyInvalidLogin">
                  </a> <!-- testCompletelyInvalidLogin -->
                  <span class="method-name">testCompletelyInvalidLogin</span>
                  <div class="stack-trace">java.lang.AssertionError: expected [true] but found [false]
	at Tests.LoginTest.testCompletelyInvalidLogin(LoginTest.java:67)
	at java.base/java.util.ArrayList.forEach(ArrayList.java:1596)
... Removed 29 stack frames
</div> <!-- stack-trace -->
                </div> <!-- method-content -->
              </div> <!-- method -->
              <div class="method">
                <div class="method-content">
                  <a name="testEmptyFieldsLogin">
                  </a> <!-- testEmptyFieldsLogin -->
                  <span class="method-name">testEmptyFieldsLogin</span>
                  <div class="stack-trace">org.openqa.selenium.ElementClickInterceptedException: Element &lt;a id=&quot;login2&quot; class=&quot;nav-link&quot; href=&quot;#&quot;&gt; is not clickable at point (1018,37) because another element &lt;div id=&quot;logInModal&quot; class=&quot;modal fade show&quot;&gt; obscures it
Build info: version: &apos;4.20.0&apos;, revision: &apos;866c76ca80&apos;
System info: os.name: &apos;Windows 11&apos;, os.arch: &apos;amd64&apos;, os.version: &apos;10.0&apos;, java.version: &apos;21.0.6&apos;
Driver info: org.openqa.selenium.firefox.FirefoxDriver
Command: [9e7171d1-f65d-41c8-b0c9-c75d68e57af6, clickElement {id=39de01be-103f-4c62-b1cc-53d5f9279b2a}]
Capabilities {acceptInsecureCerts: true, browserName: firefox, browserVersion: 139.0.4, moz:accessibilityChecks: false, moz:buildID: 20250609112858, moz:geckodriverVersion: 0.36.0, moz:headless: false, moz:platformVersion: 10.0, moz:processID: 21520, moz:profile: C:\Users\USUARIO\AppData\Lo..., moz:shutdownTimeout: 60000, moz:webdriverClick: true, moz:windowless: false, pageLoadStrategy: normal, platformName: windows, proxy: Proxy(), setWindowRect: true, strictFileInteractability: false, timeouts: {implicit: 0, pageLoad: 300000, script: 30000}, unhandledPromptBehavior: dismiss and notify, userAgent: Mozilla/5.0 (Windows NT 10....}
Element: [[FirefoxDriver: firefox on windows (9e7171d1-f65d-41c8-b0c9-c75d68e57af6)] -&gt; id: login2]
Session ID: 9e7171d1-f65d-41c8-b0c9-c75d68e57af6
	at org.openqa.selenium.remote.ErrorCodec.decode(ErrorCodec.java:167)
	at org.openqa.selenium.remote.codec.w3c.W3CHttpResponseCodec.decode(W3CHttpResponseCodec.java:138)
	at org.openqa.selenium.remote.codec.w3c.W3CHttpResponseCodec.decode(W3CHttpResponseCodec.java:50)
	at org.openqa.selenium.remote.HttpCommandExecutor.execute(HttpCommandExecutor.java:190)
	at org.openqa.selenium.remote.service.DriverCommandExecutor.invokeExecute(DriverCommandExecutor.java:216)
	at org.openqa.selenium.remote.service.DriverCommandExecutor.execute(DriverCommandExecutor.java:174)
	at org.openqa.selenium.remote.RemoteWebDriver.execute(RemoteWebDriver.java:518)
	at org.openqa.selenium.remote.RemoteWebElement.execute(RemoteWebElement.java:223)
	at org.openqa.selenium.remote.RemoteWebElement.click(RemoteWebElement.java:76)
	at Pages.LoginPage.navigateToLoginPage(LoginPage.java:29)
	at Tests.LoginTest.testEmptyFieldsLogin(LoginTest.java:77)
	at java.base/java.util.ArrayList.forEach(ArrayList.java:1596)
... Removed 28 stack frames
</div> <!-- stack-trace -->
                </div> <!-- method-content -->
              </div> <!-- method -->
            </div> <!-- main-panel-content rounded-window-bottom -->
          </div> <!-- suite-DemoBlazeSuite-class-failed -->
          <div class="suite-DemoBlazeSuite-class-failed">
            <div class="main-panel-header rounded-window-top">
              <img src="failed.png"/>
              <span class="class-name">Tests.SignUpTest</span>
            </div> <!-- main-panel-header rounded-window-top -->
            <div class="main-panel-content rounded-window-bottom">
              <div class="method">
                <div class="method-content">
                  <a name="testInvalidPasswordSignIn">
                  </a> <!-- testInvalidPasswordSignIn -->
                  <span class="method-name">testInvalidPasswordSignIn</span>
                  <div class="stack-trace">org.openqa.selenium.ElementClickInterceptedException: Element &lt;a id=&quot;signin2&quot; class=&quot;nav-link&quot; href=&quot;#&quot;&gt; is not clickable at point (1083,37) because another element &lt;div id=&quot;signInModal&quot; class=&quot;modal fade show&quot;&gt; obscures it
Build info: version: &apos;4.20.0&apos;, revision: &apos;866c76ca80&apos;
System info: os.name: &apos;Windows 11&apos;, os.arch: &apos;amd64&apos;, os.version: &apos;10.0&apos;, java.version: &apos;21.0.6&apos;
Driver info: org.openqa.selenium.firefox.FirefoxDriver
Command: [8343f056-1540-4b92-ab4a-e09a897a154b, clickElement {id=187bd7ec-196c-41cc-a04a-a69743073459}]
Capabilities {acceptInsecureCerts: true, browserName: firefox, browserVersion: 139.0.4, moz:accessibilityChecks: false, moz:buildID: 20250609112858, moz:geckodriverVersion: 0.36.0, moz:headless: false, moz:platformVersion: 10.0, moz:processID: 20772, moz:profile: C:\Users\USUARIO\AppData\Lo..., moz:shutdownTimeout: 60000, moz:webdriverClick: true, moz:windowless: false, pageLoadStrategy: normal, platformName: windows, proxy: Proxy(), setWindowRect: true, strictFileInteractability: false, timeouts: {implicit: 0, pageLoad: 300000, script: 30000}, unhandledPromptBehavior: dismiss and notify, userAgent: Mozilla/5.0 (Windows NT 10....}
Element: [[FirefoxDriver: firefox on windows (8343f056-1540-4b92-ab4a-e09a897a154b)] -&gt; id: signin2]
Session ID: 8343f056-1540-4b92-ab4a-e09a897a154b
	at org.openqa.selenium.remote.ErrorCodec.decode(ErrorCodec.java:167)
	at org.openqa.selenium.remote.codec.w3c.W3CHttpResponseCodec.decode(W3CHttpResponseCodec.java:138)
	at org.openqa.selenium.remote.codec.w3c.W3CHttpResponseCodec.decode(W3CHttpResponseCodec.java:50)
	at org.openqa.selenium.remote.HttpCommandExecutor.execute(HttpCommandExecutor.java:190)
	at org.openqa.selenium.remote.service.DriverCommandExecutor.invokeExecute(DriverCommandExecutor.java:216)
	at org.openqa.selenium.remote.service.DriverCommandExecutor.execute(DriverCommandExecutor.java:174)
	at org.openqa.selenium.remote.RemoteWebDriver.execute(RemoteWebDriver.java:518)
	at org.openqa.selenium.remote.RemoteWebElement.execute(RemoteWebElement.java:223)
	at org.openqa.selenium.remote.RemoteWebElement.click(RemoteWebElement.java:76)
	at Pages.SignUpPage.navigateToSignUpPage(SignUpPage.java:25)
	at Tests.SignUpTest.testInvalidPasswordSignIn(SignUpTest.java:49)
	at java.base/java.util.ArrayList.forEach(ArrayList.java:1596)
... Removed 28 stack frames
</div> <!-- stack-trace -->
                </div> <!-- method-content -->
              </div> <!-- method -->
              <div class="method">
                <div class="method-content">
                  <a name="testInvalidSignIn">
                  </a> <!-- testInvalidSignIn -->
                  <span class="method-name">testInvalidSignIn</span>
                  <div class="stack-trace">org.openqa.selenium.ElementClickInterceptedException: Element &lt;a id=&quot;signin2&quot; class=&quot;nav-link&quot; href=&quot;#&quot;&gt; is not clickable at point (1083,37) because another element &lt;div id=&quot;signInModal&quot; class=&quot;modal fade show&quot;&gt; obscures it
Build info: version: &apos;4.20.0&apos;, revision: &apos;866c76ca80&apos;
System info: os.name: &apos;Windows 11&apos;, os.arch: &apos;amd64&apos;, os.version: &apos;10.0&apos;, java.version: &apos;21.0.6&apos;
Driver info: org.openqa.selenium.firefox.FirefoxDriver
Command: [8343f056-1540-4b92-ab4a-e09a897a154b, clickElement {id=187bd7ec-196c-41cc-a04a-a69743073459}]
Capabilities {acceptInsecureCerts: true, browserName: firefox, browserVersion: 139.0.4, moz:accessibilityChecks: false, moz:buildID: 20250609112858, moz:geckodriverVersion: 0.36.0, moz:headless: false, moz:platformVersion: 10.0, moz:processID: 20772, moz:profile: C:\Users\USUARIO\AppData\Lo..., moz:shutdownTimeout: 60000, moz:webdriverClick: true, moz:windowless: false, pageLoadStrategy: normal, platformName: windows, proxy: Proxy(), setWindowRect: true, strictFileInteractability: false, timeouts: {implicit: 0, pageLoad: 300000, script: 30000}, unhandledPromptBehavior: dismiss and notify, userAgent: Mozilla/5.0 (Windows NT 10....}
Element: [[FirefoxDriver: firefox on windows (8343f056-1540-4b92-ab4a-e09a897a154b)] -&gt; id: signin2]
Session ID: 8343f056-1540-4b92-ab4a-e09a897a154b
	at org.openqa.selenium.remote.ErrorCodec.decode(ErrorCodec.java:167)
	at org.openqa.selenium.remote.codec.w3c.W3CHttpResponseCodec.decode(W3CHttpResponseCodec.java:138)
	at org.openqa.selenium.remote.codec.w3c.W3CHttpResponseCodec.decode(W3CHttpResponseCodec.java:50)
	at org.openqa.selenium.remote.HttpCommandExecutor.execute(HttpCommandExecutor.java:190)
	at org.openqa.selenium.remote.service.DriverCommandExecutor.invokeExecute(DriverCommandExecutor.java:216)
	at org.openqa.selenium.remote.service.DriverCommandExecutor.execute(DriverCommandExecutor.java:174)
	at org.openqa.selenium.remote.RemoteWebDriver.execute(RemoteWebDriver.java:518)
	at org.openqa.selenium.remote.RemoteWebElement.execute(RemoteWebElement.java:223)
	at org.openqa.selenium.remote.RemoteWebElement.click(RemoteWebElement.java:76)
	at Pages.SignUpPage.navigateToSignUpPage(SignUpPage.java:25)
	at Tests.SignUpTest.testInvalidSignIn(SignUpTest.java:34)
	at java.base/java.util.ArrayList.forEach(ArrayList.java:1596)
... Removed 28 stack frames
</div> <!-- stack-trace -->
                </div> <!-- method-content -->
              </div> <!-- method -->
              <div class="method">
                <div class="method-content">
                  <a name="testInvalidUsernameSignIn">
                  </a> <!-- testInvalidUsernameSignIn -->
                  <span class="method-name">testInvalidUsernameSignIn</span>
                  <div class="stack-trace">java.lang.AssertionError: expected [true] but found [false]
	at Tests.SignUpTest.testInvalidUsernameSignIn(SignUpTest.java:71)
	at java.base/java.util.ArrayList.forEach(ArrayList.java:1596)
... Removed 29 stack frames
</div> <!-- stack-trace -->
                </div> <!-- method-content -->
              </div> <!-- method -->
              <div class="method">
                <div class="method-content">
                  <a name="testValidSignIn">
                  </a> <!-- testValidSignIn -->
                  <span class="method-name">testValidSignIn</span>
                  <div class="stack-trace">org.openqa.selenium.ElementClickInterceptedException: Element &lt;a id=&quot;signin2&quot; class=&quot;nav-link&quot; href=&quot;#&quot;&gt; is not clickable at point (1083,37) because another element &lt;div id=&quot;signInModal&quot; class=&quot;modal fade show&quot;&gt; obscures it
Build info: version: &apos;4.20.0&apos;, revision: &apos;866c76ca80&apos;
System info: os.name: &apos;Windows 11&apos;, os.arch: &apos;amd64&apos;, os.version: &apos;10.0&apos;, java.version: &apos;21.0.6&apos;
Driver info: org.openqa.selenium.firefox.FirefoxDriver
Command: [8343f056-1540-4b92-ab4a-e09a897a154b, clickElement {id=187bd7ec-196c-41cc-a04a-a69743073459}]
Capabilities {acceptInsecureCerts: true, browserName: firefox, browserVersion: 139.0.4, moz:accessibilityChecks: false, moz:buildID: 20250609112858, moz:geckodriverVersion: 0.36.0, moz:headless: false, moz:platformVersion: 10.0, moz:processID: 20772, moz:profile: C:\Users\USUARIO\AppData\Lo..., moz:shutdownTimeout: 60000, moz:webdriverClick: true, moz:windowless: false, pageLoadStrategy: normal, platformName: windows, proxy: Proxy(), setWindowRect: true, strictFileInteractability: false, timeouts: {implicit: 0, pageLoad: 300000, script: 30000}, unhandledPromptBehavior: dismiss and notify, userAgent: Mozilla/5.0 (Windows NT 10....}
Element: [[FirefoxDriver: firefox on windows (8343f056-1540-4b92-ab4a-e09a897a154b)] -&gt; id: signin2]
Session ID: 8343f056-1540-4b92-ab4a-e09a897a154b
	at org.openqa.selenium.remote.ErrorCodec.decode(ErrorCodec.java:167)
	at org.openqa.selenium.remote.codec.w3c.W3CHttpResponseCodec.decode(W3CHttpResponseCodec.java:138)
	at org.openqa.selenium.remote.codec.w3c.W3CHttpResponseCodec.decode(W3CHttpResponseCodec.java:50)
	at org.openqa.selenium.remote.HttpCommandExecutor.execute(HttpCommandExecutor.java:190)
	at org.openqa.selenium.remote.service.DriverCommandExecutor.invokeExecute(DriverCommandExecutor.java:216)
	at org.openqa.selenium.remote.service.DriverCommandExecutor.execute(DriverCommandExecutor.java:174)
	at org.openqa.selenium.remote.RemoteWebDriver.execute(RemoteWebDriver.java:518)
	at org.openqa.selenium.remote.RemoteWebElement.execute(RemoteWebElement.java:223)
	at org.openqa.selenium.remote.RemoteWebElement.click(RemoteWebElement.java:76)
	at Pages.SignUpPage.navigateToSignUpPage(SignUpPage.java:25)
	at Tests.SignUpTest.testValidSignIn(SignUpTest.java:16)
	at java.base/java.util.ArrayList.forEach(ArrayList.java:1596)
... Removed 28 stack frames
</div> <!-- stack-trace -->
                </div> <!-- method-content -->
              </div> <!-- method -->
            </div> <!-- main-panel-content rounded-window-bottom -->
          </div> <!-- suite-DemoBlazeSuite-class-failed -->
          <div class="suite-DemoBlazeSuite-class-passed">
            <div class="main-panel-header rounded-window-top">
              <img src="passed.png"/>
              <span class="class-name">Tests.LogoutTest</span>
            </div> <!-- main-panel-header rounded-window-top -->
            <div class="main-panel-content rounded-window-bottom">
              <div class="method">
                <div class="method-content">
                  <a name="testLogoutFunctionality">
                  </a> <!-- testLogoutFunctionality -->
                  <span class="method-name">testLogoutFunctionality</span>
                </div> <!-- method-content -->
              </div> <!-- method -->
            </div> <!-- main-panel-content rounded-window-bottom -->
          </div> <!-- suite-DemoBlazeSuite-class-passed -->
          <div class="suite-DemoBlazeSuite-class-passed">
            <div class="main-panel-header rounded-window-top">
              <img src="passed.png"/>
              <span class="class-name">Tests.AboutUsTest</span>
            </div> <!-- main-panel-header rounded-window-top -->
            <div class="main-panel-content rounded-window-bottom">
              <div class="method">
                <div class="method-content">
                  <a name="testAboutUsModalText">
                  </a> <!-- testAboutUsModalText -->
                  <span class="method-name">testAboutUsModalText</span>
                </div> <!-- method-content -->
              </div> <!-- method -->
            </div> <!-- main-panel-content rounded-window-bottom -->
          </div> <!-- suite-DemoBlazeSuite-class-passed -->
          <div class="suite-DemoBlazeSuite-class-passed">
            <div class="main-panel-header rounded-window-top">
              <img src="passed.png"/>
              <span class="class-name">Tests.LoginTest</span>
            </div> <!-- main-panel-header rounded-window-top -->
            <div class="main-panel-content rounded-window-bottom">
              <div class="method">
                <div class="method-content">
                  <a name="TestInvalidUsernameLogin">
                  </a> <!-- TestInvalidUsernameLogin -->
                  <span class="method-name">TestInvalidUsernameLogin</span>
                </div> <!-- method-content -->
              </div> <!-- method -->
              <div class="method">
                <div class="method-content">
                  <a name="testInvalidPasswordLogin">
                  </a> <!-- testInvalidPasswordLogin -->
                  <span class="method-name">testInvalidPasswordLogin</span>
                </div> <!-- method-content -->
              </div> <!-- method -->
            </div> <!-- main-panel-content rounded-window-bottom -->
          </div> <!-- suite-DemoBlazeSuite-class-passed -->
          <div class="suite-DemoBlazeSuite-class-passed">
            <div class="main-panel-header rounded-window-top">
              <img src="passed.png"/>
              <span class="class-name">Tests.SignUpTest</span>
            </div> <!-- main-panel-header rounded-window-top -->
            <div class="main-panel-content rounded-window-bottom">
              <div class="method">
                <div class="method-content">
                  <a name="testInvalidEmptyFieldSignIn">
                  </a> <!-- testInvalidEmptyFieldSignIn -->
                  <span class="method-name">testInvalidEmptyFieldSignIn</span>
                </div> <!-- method-content -->
              </div> <!-- method -->
            </div> <!-- main-panel-content rounded-window-bottom -->
          </div> <!-- suite-DemoBlazeSuite-class-passed -->
        </div> <!-- panel DemoBlazeSuite -->
        <div panel-name="test-xml-DemoBlazeSuite" class="panel">
          <div class="main-panel-header rounded-window-top">
            <span class="header-content">C:\Users\USUARIO\eclipse-workspace\AutomationTesting\test-output\testoutput.xml</span>
          </div> <!-- main-panel-header rounded-window-top -->
          <div class="main-panel-content rounded-window-bottom">
            <pre>
&lt;?xml version=&quot;1.0&quot; encoding=&quot;UTF-8&quot;?&gt;
&lt;!DOCTYPE suite SYSTEM &quot;https://testng.org/testng-1.0.dtd&quot;&gt;
&lt;suite name=&quot;DemoBlazeSuite&quot; guice-stage=&quot;DEVELOPMENT&quot;&gt;
  &lt;test thread-count=&quot;5&quot; name=&quot;SignUpTest&quot;&gt;
    &lt;classes&gt;
      &lt;class name=&quot;Tests.SignUpTest&quot;/&gt;
    &lt;/classes&gt;
  &lt;/test&gt; &lt;!-- SignUpTest --&gt;
  &lt;test thread-count=&quot;5&quot; name=&quot;LoginTest&quot;&gt;
    &lt;classes&gt;
      &lt;class name=&quot;Tests.LoginTest&quot;/&gt;
    &lt;/classes&gt;
  &lt;/test&gt; &lt;!-- LoginTest --&gt;
  &lt;test thread-count=&quot;5&quot; name=&quot;AboutUsTest&quot;&gt;
    &lt;classes&gt;
      &lt;class name=&quot;Tests.AboutUsTest&quot;/&gt;
    &lt;/classes&gt;
  &lt;/test&gt; &lt;!-- AboutUsTest --&gt;
  &lt;test thread-count=&quot;5&quot; name=&quot;LogoutTest&quot;&gt;
    &lt;classes&gt;
      &lt;class name=&quot;Tests.LogoutTest&quot;/&gt;
    &lt;/classes&gt;
  &lt;/test&gt; &lt;!-- LogoutTest --&gt;
&lt;/suite&gt; &lt;!-- DemoBlazeSuite --&gt;
            </pre>
          </div> <!-- main-panel-content rounded-window-bottom -->
        </div> <!-- panel -->
        <div panel-name="testlist-DemoBlazeSuite" class="panel">
          <div class="main-panel-header rounded-window-top">
            <span class="header-content">Tests for DemoBlazeSuite</span>
          </div> <!-- main-panel-header rounded-window-top -->
          <div class="main-panel-content rounded-window-bottom">
            <ul>
              <li>
                <span class="test-name">SignUpTest (1 class)</span>
              </li>
              <li>
                <span class="test-name">LoginTest (1 class)</span>
              </li>
              <li>
                <span class="test-name">AboutUsTest (1 class)</span>
              </li>
              <li>
                <span class="test-name">LogoutTest (1 class)</span>
              </li>
            </ul>
          </div> <!-- main-panel-content rounded-window-bottom -->
        </div> <!-- panel -->
        <div panel-name="group-DemoBlazeSuite" class="panel">
          <div class="main-panel-header rounded-window-top">
            <span class="header-content">Groups for DemoBlazeSuite</span>
          </div> <!-- main-panel-header rounded-window-top -->
          <div class="main-panel-content rounded-window-bottom">
          </div> <!-- main-panel-content rounded-window-bottom -->
        </div> <!-- panel -->
        <div panel-name="times-DemoBlazeSuite" class="panel">
          <div class="main-panel-header rounded-window-top">
            <span class="header-content">Times for DemoBlazeSuite</span>
          </div> <!-- main-panel-header rounded-window-top -->
          <div class="main-panel-content rounded-window-bottom">
            <div class="times-div">
              <script type="text/javascript">
suiteTableInitFunctions.push('tableData_DemoBlazeSuite');
function tableData_DemoBlazeSuite() {
var data = new google.visualization.DataTable();
data.addColumn('number', 'Number');
data.addColumn('string', 'Method');
data.addColumn('string', 'Class');
data.addColumn('number', 'Time (ms)');
data.addRows(12);
data.setCell(0, 0, 0)
data.setCell(0, 1, 'testLogoutFunctionality')
data.setCell(0, 2, 'Tests.LogoutTest')
data.setCell(0, 3, 7778);
data.setCell(1, 0, 1)
data.setCell(1, 1, 'TestValidCredentialsLogin')
data.setCell(1, 2, 'Tests.LoginTest')
data.setCell(1, 3, 7550);
data.setCell(2, 0, 2)
data.setCell(2, 1, 'TestInvalidUsernameLogin')
data.setCell(2, 2, 'Tests.LoginTest')
data.setCell(2, 3, 3362);
data.setCell(3, 0, 3)
data.setCell(3, 1, 'testInvalidEmptyFieldSignIn')
data.setCell(3, 2, 'Tests.SignUpTest')
data.setCell(3, 3, 3034);
data.setCell(4, 0, 4)
data.setCell(4, 1, 'testInvalidPasswordLogin')
data.setCell(4, 2, 'Tests.LoginTest')
data.setCell(4, 3, 2910);
data.setCell(5, 0, 5)
data.setCell(5, 1, 'testInvalidUsernameSignIn')
data.setCell(5, 2, 'Tests.SignUpTest')
data.setCell(5, 3, 2045);
data.setCell(6, 0, 6)
data.setCell(6, 1, 'testCompletelyInvalidLogin')
data.setCell(6, 2, 'Tests.LoginTest')
data.setCell(6, 3, 1776);
data.setCell(7, 0, 7)
data.setCell(7, 1, 'testAboutUsModalText')
data.setCell(7, 2, 'Tests.AboutUsTest')
data.setCell(7, 3, 1689);
data.setCell(8, 0, 8)
data.setCell(8, 1, 'testInvalidPasswordSignIn')
data.setCell(8, 2, 'Tests.SignUpTest')
data.setCell(8, 3, 123);
data.setCell(9, 0, 9)
data.setCell(9, 1, 'testEmptyFieldsLogin')
data.setCell(9, 2, 'Tests.LoginTest')
data.setCell(9, 3, 98);
data.setCell(10, 0, 10)
data.setCell(10, 1, 'testInvalidSignIn')
data.setCell(10, 2, 'Tests.SignUpTest')
data.setCell(10, 3, 75);
data.setCell(11, 0, 11)
data.setCell(11, 1, 'testValidSignIn')
data.setCell(11, 2, 'Tests.SignUpTest')
data.setCell(11, 3, 72);
window.suiteTableData['DemoBlazeSuite']= { tableData: data, tableDiv: 'times-div-DemoBlazeSuite'}
return data;
}
              </script>
              <span class="suite-total-time">Total running time: 30 seconds</span>
              <div id="times-div-DemoBlazeSuite">
              </div> <!-- times-div-DemoBlazeSuite -->
            </div> <!-- times-div -->
          </div> <!-- main-panel-content rounded-window-bottom -->
        </div> <!-- panel -->
        <div panel-name="reporter-DemoBlazeSuite" class="panel">
          <div class="main-panel-header rounded-window-top">
            <span class="header-content">Reporter output for DemoBlazeSuite</span>
          </div> <!-- main-panel-header rounded-window-top -->
          <div class="main-panel-content rounded-window-bottom">
          </div> <!-- main-panel-content rounded-window-bottom -->
        </div> <!-- panel -->
        <div panel-name="ignored-methods-DemoBlazeSuite" class="panel">
          <div class="main-panel-header rounded-window-top">
            <span class="header-content">0 ignored methods</span>
          </div> <!-- main-panel-header rounded-window-top -->
          <div class="main-panel-content rounded-window-bottom">
          </div> <!-- main-panel-content rounded-window-bottom -->
        </div> <!-- panel -->
        <div panel-name="chronological-DemoBlazeSuite" class="panel">
          <div class="main-panel-header rounded-window-top">
            <span class="header-content">Methods in chronological order</span>
          </div> <!-- main-panel-header rounded-window-top -->
          <div class="main-panel-content rounded-window-bottom">
            <div class="chronological-class">
              <div class="chronological-class-name">Tests.SignUpTest</div> <!-- chronological-class-name -->
              <div class="configuration-test before">
                <span class="method-name">setUp</span>
                <span class="method-start">0 ms</span>
              </div> <!-- configuration-test before -->
              <div class="test-method">
                <span class="method-name">testInvalidEmptyFieldSignIn</span>
                <span class="method-start">8195 ms</span>
              </div> <!-- test-method -->
              <div class="test-method">
                <img src="failed.png">
                </img>
                <span class="method-name">testInvalidUsernameSignIn</span>
                <span class="method-start">11265 ms</span>
              </div> <!-- test-method -->
              <div class="test-method">
                <img src="failed.png">
                </img>
                <span class="method-name">testInvalidPasswordSignIn</span>
                <span class="method-start">13370 ms</span>
              </div> <!-- test-method -->
              <div class="test-method">
                <img src="failed.png">
                </img>
                <span class="method-name">testInvalidSignIn</span>
                <span class="method-start">13512 ms</span>
              </div> <!-- test-method -->
              <div class="test-method">
                <img src="failed.png">
                </img>
                <span class="method-name">testValidSignIn</span>
                <span class="method-start">13595 ms</span>
              </div> <!-- test-method -->
              <div class="configuration-test after">
                <span class="method-name">close</span>
                <span class="method-start">13674 ms</span>
              </div> <!-- configuration-test after -->
            </div> <!-- chronological-class -->
            <div class="chronological-class">
              <div class="chronological-class-name">Tests.LoginTest</div> <!-- chronological-class-name -->
              <div class="configuration-test before">
                <span class="method-name">setUp</span>
                <span class="method-start">15978 ms</span>
              </div> <!-- configuration-test before -->
              <div class="test-method">
                <span class="method-name">TestInvalidUsernameLogin</span>
                <span class="method-start">23193 ms</span>
              </div> <!-- test-method -->
              <div class="test-method">
                <span class="method-name">testInvalidPasswordLogin</span>
                <span class="method-start">26572 ms</span>
              </div> <!-- test-method -->
              <div class="test-method">
                <img src="failed.png">
                </img>
                <span class="method-name">testCompletelyInvalidLogin</span>
                <span class="method-start">29507 ms</span>
              </div> <!-- test-method -->
              <div class="test-method">
                <img src="failed.png">
                </img>
                <span class="method-name">testEmptyFieldsLogin</span>
                <span class="method-start">31298 ms</span>
              </div> <!-- test-method -->
              <div class="test-method">
                <img src="failed.png">
                </img>
                <span class="method-name">TestValidCredentialsLogin</span>
                <span class="method-start">31405 ms</span>
              </div> <!-- test-method -->
              <div class="configuration-test after">
                <span class="method-name">close</span>
                <span class="method-start">38962 ms</span>
              </div> <!-- configuration-test after -->
            </div> <!-- chronological-class -->
            <div class="chronological-class">
              <div class="chronological-class-name">Tests.AboutUsTest</div> <!-- chronological-class-name -->
              <div class="configuration-test before">
                <span class="method-name">setUp</span>
                <span class="method-start">40618 ms</span>
              </div> <!-- configuration-test before -->
              <div class="test-method">
                <span class="method-name">testAboutUsModalText</span>
                <span class="method-start">47410 ms</span>
              </div> <!-- test-method -->
              <div class="configuration-test after">
                <span class="method-name">close</span>
                <span class="method-start">49105 ms</span>
              </div> <!-- configuration-test after -->
            </div> <!-- chronological-class -->
            <div class="chronological-class">
              <div class="chronological-class-name">Tests.LogoutTest</div> <!-- chronological-class-name -->
              <div class="configuration-test before">
                <span class="method-name">setUp</span>
                <span class="method-start">51142 ms</span>
              </div> <!-- configuration-test before -->
              <div class="test-method">
                <span class="method-name">testLogoutFunctionality</span>
                <span class="method-start">57861 ms</span>
              </div> <!-- test-method -->
              <div class="configuration-test after">
                <span class="method-name">close</span>
                <span class="method-start">65643 ms</span>
              </div> <!-- configuration-test after -->
          </div> <!-- main-panel-content rounded-window-bottom -->
        </div> <!-- panel -->
      </div> <!-- main-panel-root -->
    </div> <!-- wrapper -->
  </body>
<script type="text/javascript" src="testng-reports2.js"></script>
</html>
